Build started 11/17/2021 7:28:41 PM.
Logging verbosity is set to: Normal.     1>Project "C:\Users\johna\source\repos\Ransumware\Ransumware\Ransumware.vcxproj" on node 2 (Build target(s)).
     1>PrepareForBuild:
         Creating directory "C:\Users\johna\source\repos\Ransumware\Debug\".
         Creating directory "Debug\Ransumware.tlog\".
       InitializeBuildStatus:
         Creating "Debug\Ransumware.tlog\unsuccessfulbuild" because "AlwaysCreate" was specified.
     1>C:\Program Files (x86)\Microsoft Visual Studio\2019\Community\MSBuild\Microsoft\VC\v160\Microsoft.CppCommon.targets(687,5): error : Element <LanguageStandard> has an invalid value of "ISO C++14 Standard (/std:c++17)".
     1>C:\Program Files (x86)\Microsoft Visual Studio\2019\Community\MSBuild\Microsoft\VC\v160\Microsoft.CppCommon.targets(687,5): error MSB6011: Invalid parameters passed to the Microsoft.Build.CPPTasks.CL task.
     1>Done Building Project "C:\Users\johna\source\repos\Ransumware\Ransumware\Ransumware.vcxproj" (Build target(s)) -- FAILED.

Build FAILED.

       "C:\Users\johna\source\repos\Ransumware\Ransumware\Ransumware.vcxproj" (Build target) (1) ->
       (ClCompile target) -> 
         C:\Program Files (x86)\Microsoft Visual Studio\2019\Community\MSBuild\Microsoft\VC\v160\Microsoft.CppCommon.targets(687,5): error : Element <LanguageStandard> has an invalid value of "ISO C++14 Standard (/std:c++17)".
         C:\Program Files (x86)\Microsoft Visual Studio\2019\Community\MSBuild\Microsoft\VC\v160\Microsoft.CppCommon.targets(687,5): error MSB6011: Invalid parameters passed to the Microsoft.Build.CPPTasks.CL task.

    0 Warning(s)
    2 Error(s)

Time Elapsed 00:00:00.08
